2025-03-23 20:29:26,276 - werkzeug - WARNING -  * Debugger is active!
2025-03-23 20:29:26,284 - werkzeug - INFO -  * Debugger PIN: 991-541-317
2025-03-23 20:29:35,551 - werkzeug - INFO - 127.0.0.1 - - [23/Mar/2025 20:29:35] "POST /api/clear HTTP/1.1" 200 -
2025-03-23 20:29:44,435 - sentence_transformers.SentenceTransformer - INFO - Load pretrained SentenceTransformer: sentence-transformers/bert-base-nli-mean-tokens
2025-03-23 20:29:44,610 - urllib3.connectionpool - DEBUG - Starting new HTTPS connection (1): huggingface.co:443
2025-03-23 20:29:44,930 - urllib3.connectionpool - DEBUG - https://huggingface.co:443 "HEAD /sentence-transformers/bert-base-nli-mean-tokens/resolve/main/modules.json HTTP/1.1" 200 0
2025-03-23 20:29:45,182 - urllib3.connectionpool - DEBUG - https://huggingface.co:443 "HEAD /sentence-transformers/bert-base-nli-mean-tokens/resolve/main/config_sentence_transformers.json HTTP/1.1" 200 0
2025-03-23 20:29:45,421 - urllib3.connectionpool - DEBUG - https://huggingface.co:443 "HEAD /sentence-transformers/bert-base-nli-mean-tokens/resolve/main/README.md HTTP/1.1" 200 0
2025-03-23 20:29:45,658 - urllib3.connectionpool - DEBUG - https://huggingface.co:443 "HEAD /sentence-transformers/bert-base-nli-mean-tokens/resolve/main/modules.json HTTP/1.1" 200 0
2025-03-23 20:29:46,142 - urllib3.connectionpool - DEBUG - https://huggingface.co:443 "HEAD /sentence-transformers/bert-base-nli-mean-tokens/resolve/main/sentence_bert_config.json HTTP/1.1" 200 0
2025-03-23 20:29:46,511 - urllib3.connectionpool - DEBUG - https://huggingface.co:443 "HEAD /sentence-transformers/bert-base-nli-mean-tokens/resolve/main/adapter_config.json HTTP/1.1" 404 0
2025-03-23 20:29:46,757 - urllib3.connectionpool - DEBUG - https://huggingface.co:443 "HEAD /sentence-transformers/bert-base-nli-mean-tokens/resolve/main/config.json HTTP/1.1" 200 0
2025-03-23 20:29:47,266 - urllib3.connectionpool - DEBUG - https://huggingface.co:443 "HEAD /sentence-transformers/bert-base-nli-mean-tokens/resolve/main/tokenizer_config.json HTTP/1.1" 200 0
2025-03-23 20:29:47,555 - urllib3.connectionpool - DEBUG - https://huggingface.co:443 "GET /api/models/sentence-transformers/bert-base-nli-mean-tokens/revision/main HTTP/1.1" 200 2935
2025-03-23 20:29:47,893 - urllib3.connectionpool - DEBUG - https://huggingface.co:443 "GET /api/models/sentence-transformers/bert-base-nli-mean-tokens HTTP/1.1" 200 2935
2025-03-23 20:29:47,901 - pinecone_plugin_interface.logging - INFO - Discovering subpackages in _NamespacePath(['/Users/sujoydatta/Desktop/rag/questioning/.venv/lib/python3.9/site-packages/pinecone_plugins'])
2025-03-23 20:29:47,902 - pinecone_plugin_interface.logging - INFO - Looking for plugins in pinecone_plugins.inference
2025-03-23 20:29:47,921 - pinecone_plugin_interface.logging - INFO - Installing plugin inference into Pinecone
2025-03-23 20:29:48,719 - pinecone.core.openapi.shared.rest - DEBUG - response body: b'{"indexes":[{"name":"questioning","metric":"cosine","dimension":2000,"status":{"ready":true,"state":"Ready"},"host":"questioning-732ad44.svc.aped-4627-b74a.pinecone.io","spec":{"serverless":{"region":"us-east-1","cloud":"aws"}},"deletion_protection":"disabled"}]}'
2025-03-23 20:29:48,730 - werkzeug - INFO - 127.0.0.1 - - [23/Mar/2025 20:29:48] "[35m[1mPOST /api/upload HTTP/1.1[0m" 500 -
