2025-03-23 20:33:12,384 - werkzeug - WARNING -  * Debugger is active!
2025-03-23 20:33:12,398 - werkzeug - INFO -  * Debugger PIN: 991-541-317
2025-03-23 20:33:18,568 - werkzeug - INFO - 127.0.0.1 - - [23/Mar/2025 20:33:18] "POST /api/clear HTTP/1.1" 200 -
2025-03-23 20:33:21,287 - werkzeug - INFO - 127.0.0.1 - - [23/Mar/2025 20:33:21] "GET /api/session HTTP/1.1" 200 -
2025-03-23 20:33:37,793 - sentence_transformers.SentenceTransformer - INFO - Load pretrained SentenceTransformer: sentence-transformers/bert-base-nli-mean-tokens
2025-03-23 20:33:37,848 - urllib3.connectionpool - DEBUG - Starting new HTTPS connection (1): huggingface.co:443
2025-03-23 20:33:38,143 - urllib3.connectionpool - DEBUG - https://huggingface.co:443 "HEAD /sentence-transformers/bert-base-nli-mean-tokens/resolve/main/modules.json HTTP/1.1" 200 0
2025-03-23 20:33:38,383 - urllib3.connectionpool - DEBUG - https://huggingface.co:443 "HEAD /sentence-transformers/bert-base-nli-mean-tokens/resolve/main/config_sentence_transformers.json HTTP/1.1" 200 0
2025-03-23 20:33:38,609 - urllib3.connectionpool - DEBUG - https://huggingface.co:443 "HEAD /sentence-transformers/bert-base-nli-mean-tokens/resolve/main/README.md HTTP/1.1" 200 0
2025-03-23 20:33:38,838 - urllib3.connectionpool - DEBUG - https://huggingface.co:443 "HEAD /sentence-transformers/bert-base-nli-mean-tokens/resolve/main/modules.json HTTP/1.1" 200 0
2025-03-23 20:33:39,089 - urllib3.connectionpool - DEBUG - https://huggingface.co:443 "HEAD /sentence-transformers/bert-base-nli-mean-tokens/resolve/main/sentence_bert_config.json HTTP/1.1" 200 0
2025-03-23 20:33:39,345 - urllib3.connectionpool - DEBUG - https://huggingface.co:443 "HEAD /sentence-transformers/bert-base-nli-mean-tokens/resolve/main/adapter_config.json HTTP/1.1" 404 0
2025-03-23 20:33:39,572 - urllib3.connectionpool - DEBUG - https://huggingface.co:443 "HEAD /sentence-transformers/bert-base-nli-mean-tokens/resolve/main/config.json HTTP/1.1" 200 0
2025-03-23 20:33:40,007 - urllib3.connectionpool - DEBUG - https://huggingface.co:443 "HEAD /sentence-transformers/bert-base-nli-mean-tokens/resolve/main/tokenizer_config.json HTTP/1.1" 200 0
2025-03-23 20:33:40,310 - urllib3.connectionpool - DEBUG - https://huggingface.co:443 "GET /api/models/sentence-transformers/bert-base-nli-mean-tokens/revision/main HTTP/1.1" 200 2935
2025-03-23 20:33:40,555 - urllib3.connectionpool - DEBUG - https://huggingface.co:443 "GET /api/models/sentence-transformers/bert-base-nli-mean-tokens HTTP/1.1" 200 2935
2025-03-23 20:33:40,562 - pinecone_plugin_interface.logging - INFO - Discovering subpackages in _NamespacePath(['/Users/sujoydatta/Desktop/rag/questioning/.venv/lib/python3.9/site-packages/pinecone_plugins'])
2025-03-23 20:33:40,562 - pinecone_plugin_interface.logging - INFO - Looking for plugins in pinecone_plugins.inference
2025-03-23 20:33:40,586 - pinecone_plugin_interface.logging - INFO - Installing plugin inference into Pinecone
2025-03-23 20:33:41,378 - pinecone.core.openapi.shared.rest - DEBUG - response body: b'{"name":"questioning","metric":"cosine","dimension":2000,"status":{"ready":true,"state":"Ready"},"host":"questioning-732ad44.svc.aped-4627-b74a.pinecone.io","spec":{"serverless":{"region":"us-east-1","cloud":"aws"}},"deletion_protection":"disabled"}'
2025-03-23 20:33:41,382 - pinecone_plugin_interface.logging - INFO - Discovering subpackages in _NamespacePath(['/Users/sujoydatta/Desktop/rag/questioning/.venv/lib/python3.9/site-packages/pinecone_plugins'])
2025-03-23 20:33:41,383 - pinecone_plugin_interface.logging - INFO - Looking for plugins in pinecone_plugins.inference
2025-03-23 20:33:44,936 - pinecone.core.openapi.shared.rest - DEBUG - response body: b'{"code":3,"message":"Vector dimension 768 does not match the dimension of the index 2000","details":[]}'
2025-03-23 20:33:47,920 - pinecone.core.openapi.shared.rest - DEBUG - response body: b'{"code":3,"message":"Vector dimension 768 does not match the dimension of the index 2000","details":[]}'
2025-03-23 20:33:51,183 - pinecone.core.openapi.shared.rest - DEBUG - response body: b'{"code":3,"message":"Vector dimension 768 does not match the dimension of the index 2000","details":[]}'
2025-03-23 20:33:51,205 - werkzeug - INFO - 127.0.0.1 - - [23/Mar/2025 20:33:51] "[35m[1mPOST /api/upload HTTP/1.1[0m" 500 -
